<?xml version="1.0" encoding="UTF-8"?>
<!-- Generated by org.testng.reporters.JUnitReportReporter -->
<testsuite hostname="ADMIN-PC" name="com.model.MercuryToursTest" tests="3" failures="0" timestamp="25 Jun 2019 10:58:16 GMT" time="13.999" errors="0">
  <testcase name="loginwithValidds" time="4.956" classname="com.model.MercuryToursTest"/>
  <testcase name="loginwithValidds" time="4.289" classname="com.model.MercuryToursTest"/>
  <testcase name="loginwithValidds" time="4.754" classname="com.model.MercuryToursTest"/>
</testsuite> <!-- com.model.MercuryToursTest -->
